Traceback (most recent call last):
  File "c:\users\fatin\appdata\local\programs\python\python39\lib\site-packages\jupyter_cache\executors\utils.py", line 51, in single_nb_execution
    executenb(
  File "C:\Users\Fatin\AppData\Roaming\Python\Python39\site-packages\nbclient\client.py", line 1117, in execute
    return NotebookClient(nb=nb, resources=resources, km=km, **kwargs).execute()
  File "C:\Users\Fatin\AppData\Roaming\Python\Python39\site-packages\nbclient\util.py", line 78, in wrapped
    return just_run(coro(*args, **kwargs))
  File "C:\Users\Fatin\AppData\Roaming\Python\Python39\site-packages\nbclient\util.py", line 57, in just_run
    return loop.run_until_complete(coro)
  File "c:\users\fatin\appdata\local\programs\python\python39\lib\asyncio\base_events.py", line 642, in run_until_complete
    return future.result()
  File "C:\Users\Fatin\AppData\Roaming\Python\Python39\site-packages\nbclient\client.py", line 558, in async_execute
    await self.async_execute_cell(
  File "C:\Users\Fatin\AppData\Roaming\Python\Python39\site-packages\nbclient\client.py", line 862, in async_execute_cell
    self._check_raise_for_error(cell, exec_reply)
  File "C:\Users\Fatin\AppData\Roaming\Python\Python39\site-packages\nbclient\client.py", line 765, in _check_raise_for_error
    raise CellExecutionError.from_cell_and_msg(cell, exec_reply_content)
nbclient.exceptions.CellExecutionError: An error occurred while executing the following cell:
------------------
import scrapy
from bs4 import BeautifulSoup
from scrapy.selector import Selector
from scrapy.http.request import Request
from tempo.items import TempoItem
------------------

[1;31m---------------------------------------------------------------------------[0m
[1;31mModuleNotFoundError[0m                       Traceback (most recent call last)
[1;32m~\AppData\Local\Temp/ipykernel_9604/2293443901.py[0m in [0;36m<module>[1;34m[0m
[0;32m      3[0m [1;32mfrom[0m [0mscrapy[0m[1;33m.[0m[0mselector[0m [1;32mimport[0m [0mSelector[0m[1;33m[0m[1;33m[0m[0m
[0;32m      4[0m [1;32mfrom[0m [0mscrapy[0m[1;33m.[0m[0mhttp[0m[1;33m.[0m[0mrequest[0m [1;32mimport[0m [0mRequest[0m[1;33m[0m[1;33m[0m[0m
[1;32m----> 5[1;33m [1;32mfrom[0m [0mtempo[0m[1;33m.[0m[0mitems[0m [1;32mimport[0m [0mTempoItem[0m[1;33m[0m[1;33m[0m[0m
[0m
[1;31mModuleNotFoundError[0m: No module named 'tempo'
ModuleNotFoundError: No module named 'tempo'

